2025-04-03 15:50:18,445 INFO o.a.j.u.JMeterUtils: Setting Locale to en_EN
2025-04-03 15:50:18,472 INFO o.a.j.JMeter: Loading user properties from: /opt/jmeter/bin/user.properties
2025-04-03 15:50:18,474 INFO o.a.j.JMeter: Loading system properties from: /opt/jmeter/bin/system.properties
2025-04-03 15:50:18,483 INFO o.a.j.JMeter: Copyright (c) 1998-2024 The Apache Software Foundation
2025-04-03 15:50:18,483 INFO o.a.j.JMeter: Version 5.6.3
2025-04-03 15:50:18,484 INFO o.a.j.JMeter: java.version=11.0.26
2025-04-03 15:50:18,485 INFO o.a.j.JMeter: java.vm.name=OpenJDK 64-Bit Server VM
2025-04-03 15:50:18,485 INFO o.a.j.JMeter: os.name=Linux
2025-04-03 15:50:18,485 INFO o.a.j.JMeter: os.arch=amd64
2025-04-03 15:50:18,486 INFO o.a.j.JMeter: os.version=5.15.167.4-microsoft-standard-WSL2
2025-04-03 15:50:18,486 INFO o.a.j.JMeter: file.encoding=UTF-8
2025-04-03 15:50:18,487 INFO o.a.j.JMeter: java.awt.headless=null
2025-04-03 15:50:18,488 INFO o.a.j.JMeter: Max memory     =1073741824
2025-04-03 15:50:18,488 INFO o.a.j.JMeter: Available Processors =12
2025-04-03 15:50:18,501 INFO o.a.j.JMeter: Default Locale=English (EN)
2025-04-03 15:50:18,501 INFO o.a.j.JMeter: JMeter  Locale=English (EN)
2025-04-03 15:50:18,502 INFO o.a.j.JMeter: JMeterHome=/opt/jmeter
2025-04-03 15:50:18,502 INFO o.a.j.JMeter: user.dir  =/mnt/c/Users/DSO2/Desktop/NoHands
2025-04-03 15:50:18,503 INFO o.a.j.JMeter: PWD       =/mnt/c/Users/DSO2/Desktop/NoHands
2025-04-03 15:50:18,504 INFO o.a.j.JMeter: IP: 127.0.1.1 Name: DESKTOP-CCB71DN FullName: DESKTOP-CCB71DN.
